2012-02-25 12:48:19,177 DEBUG (0.000) SELECT COUNT(*) FROM `auth_user` WHERE `auth_user`.`email` = artrozell1@gmail.com ; args=('artrozell1@gmail.com',)
2012-02-25 12:48:19,178 DEBUG (0.000) SELECT COUNT(*) FROM `auth_user` WHERE `auth_user`.`email` = artrozell1@gmail.com ; args=('artrozell1@gmail.com',)
2012-02-25 12:48:19,179 DEBUG (0.000) SELECT COUNT(*) FROM `auth_user` WHERE `auth_user`.`email` = artrozell1@gmail.com ; args=('artrozell1@gmail.com',)
2012-02-25 12:48:19,180 DEBUG (0.000) SELECT `auth_user`.`id`, `auth_user`.`username`, `auth_user`.`first_name`, `auth_user`.`last_name`, `auth_user`.`email`, `auth_user`.`password`, `auth_user`.`is_staff`, `auth_user`.`is_active`, `auth_user`.`is_superuser`, `auth_user`.`last_login`, `auth_user`.`date_joined` FROM `auth_user` WHERE `auth_user`.`email` = artrozell1@gmail.com ; args=('artrozell1@gmail.com',)
2012-02-25 12:48:19,182 DEBUG (0.000) SELECT `base_spotuser`.`id`, `base_spotuser`.`user_id`, `base_spotuser`.`is_temporary`, `base_spotuser`.`is_private`, `base_spotuser`.`mobile`, `base_spotuser`.`mobile_provider_id`, `base_spotuser`.`phone_addr`, `base_spotuser`.`proxy_email`, `base_spotuser`.`address`, `base_spotuser`.`zipcode`, `base_spotuser`.`mugshot`, `base_spotuser`.`birthday`, `base_spotuser`.`use_email`, `base_spotuser`.`use_phone`, `base_spotuser`.`time_off`, `base_spotuser`.`time_on`, `base_spotuser`.`fish_method`, `base_spotuser`.`is_pro`, `base_spotuser`.`web_site`, `base_spotuser`.`newsletter` FROM `base_spotuser` WHERE `base_spotuser`.`user_id` = 3 ; args=(3,)
2012-02-25 12:48:19,183 DEBUG (0.000) INSERT INTO `base_spotmessage` (`user_id`, `group_id`, `text`, `date_added`, `is_public`, `views`, `longitude`, `latitude`) VALUES (3, None, With the great warm weather we have been enjoying , the early black stones
are all over the place . Have been for weeks. I swore I saw one fish rising
to something above the Lenape Lane bridge yesterday.
, 2012-02-25 12:48:19, True, 0, , ); args=(3, None, 'With the great warm weather we have been enjoying , the early black stones\r\nare all over the place . Have been for weeks. I swore I saw one fish rising\r\nto something above the Lenape Lane bridge yesterday.\r\n', u'2012-02-25 12:48:19', True, 0, '', '')
2012-02-25 12:48:19,185 DEBUG (0.000) SELECT (1) AS `a` FROM `base_spotmessage` WHERE `base_spotmessage`.`id` = 17  LIMIT 1; args=(17,)
2012-02-25 12:48:19,186 DEBUG (0.000) UPDATE `base_spotmessage` SET `user_id` = 3, `group_id` = NULL, `text` = With the great warm weather we have been enjoying , the early black stones
are all over the place . Have been for weeks. I swore I saw one fish rising
to something above the Lenape Lane bridge yesterday.
, `date_added` = 2012-02-25 12:48:19, `is_public` = True, `views` = 0, `longitude` = , `latitude` =  WHERE `base_spotmessage`.`id` = 17 ; args=(3, 'With the great warm weather we have been enjoying , the early black stones\r\nare all over the place . Have been for weeks. I swore I saw one fish rising\r\nto something above the Lenape Lane bridge yesterday.\r\n', u'2012-02-25 12:48:19', True, 0, '', '', 17)
2012-02-25 12:48:19,187 DEBUG (0.000) SELECT `base_spotgroup`.`id`, `base_spotgroup`.`name`, `base_spotgroup`.`description`, `base_spotgroup`.`date_created`, `base_spotgroup`.`profile_pic`, `base_spotgroup`.`web_site`, `base_spotgroup`.`is_private` FROM `base_spotgroup` WHERE `base_spotgroup`.`name` = Stoneflies ; args=('Stoneflies',)
2012-02-25 12:48:19,188 DEBUG (0.000) SELECT `friends_friendship`.`id`, `friends_friendship`.`to_user_id`, `friends_friendship`.`to_follow`, `friends_friendship`.`from_user_id`, `friends_friendship`.`from_follow`, `friends_friendship`.`added` FROM `friends_friendship` WHERE `friends_friendship`.`from_user_id` = 3 ; args=(3,)
2012-02-25 12:48:19,189 DEBUG (0.000) SELECT `friends_friendship`.`id`, `friends_friendship`.`to_user_id`, `friends_friendship`.`to_follow`, `friends_friendship`.`from_user_id`, `friends_friendship`.`from_follow`, `friends_friendship`.`added` FROM `friends_friendship` WHERE `friends_friendship`.`to_user_id` = 3 ; args=(3,)
2012-02-25 14:24:49,606 DEBUG (0.001) SELECT COUNT(*) FROM `auth_user` WHERE `auth_user`.`email` = edward.janiga@gmail.com ; args=('edward.janiga@gmail.com',)
2012-02-25 14:24:49,609 DEBUG (0.001) SELECT COUNT(*) FROM `base_mobileprovider` WHERE `base_mobileprovider`.`domain` = gmail.com ; args=('gmail.com',)
2012-02-25 15:12:04,582 DEBUG (0.000) SELECT COUNT(*) FROM `auth_user` WHERE `auth_user`.`email` = edward.janiga@gmail.com ; args=('edward.janiga@gmail.com',)
2012-02-25 15:12:04,583 DEBUG (0.000) SELECT COUNT(*) FROM `auth_user` WHERE `auth_user`.`email` = edward.janiga@gmail.com ; args=('edward.janiga@gmail.com',)
2012-02-25 15:12:04,583 DEBUG (0.000) SELECT COUNT(*) FROM `auth_user` WHERE `auth_user`.`email` = edward.janiga@gmail.com ; args=('edward.janiga@gmail.com',)
2012-02-25 15:12:04,584 DEBUG (0.000) SELECT `auth_user`.`id`, `auth_user`.`username`, `auth_user`.`first_name`, `auth_user`.`last_name`, `auth_user`.`email`, `auth_user`.`password`, `auth_user`.`is_staff`, `auth_user`.`is_active`, `auth_user`.`is_superuser`, `auth_user`.`last_login`, `auth_user`.`date_joined` FROM `auth_user` WHERE `auth_user`.`email` = edward.janiga@gmail.com ; args=('edward.janiga@gmail.com',)
2012-02-25 15:12:04,586 DEBUG (0.000) SELECT `base_spotuser`.`id`, `base_spotuser`.`user_id`, `base_spotuser`.`is_temporary`, `base_spotuser`.`is_private`, `base_spotuser`.`mobile`, `base_spotuser`.`mobile_provider_id`, `base_spotuser`.`phone_addr`, `base_spotuser`.`proxy_email`, `base_spotuser`.`address`, `base_spotuser`.`zipcode`, `base_spotuser`.`mugshot`, `base_spotuser`.`birthday`, `base_spotuser`.`use_email`, `base_spotuser`.`use_phone`, `base_spotuser`.`time_off`, `base_spotuser`.`time_on`, `base_spotuser`.`fish_method`, `base_spotuser`.`is_pro`, `base_spotuser`.`web_site`, `base_spotuser`.`newsletter` FROM `base_spotuser` WHERE `base_spotuser`.`user_id` = 4 ; args=(4,)
